d:\project\defaultmfc\cppmfc\debug\vc143.pdb
d:\project\defaultmfc\cppmfc\debug\vc143.idb
d:\project\defaultmfc\cppmfc\debug\main.obj
d:\project\defaultmfc\cppmfc\debug\cmyframewnd.obj
d:\project\defaultmfc\cppmfc\debug\cmydialog.obj
d:\project\defaultmfc\cppmfc\debug\cppmfc.res
d:\project\defaultmfc\cppmfc\debug\cppmfc.pdb
d:\project\defaultmfc\cppmfc\debug\cppmfc.tlog\cl.command.1.tlog
d:\project\defaultmfc\cppmfc\debug\cppmfc.tlog\cl.read.1.tlog
d:\project\defaultmfc\cppmfc\debug\cppmfc.tlog\cl.write.1.tlog
d:\project\defaultmfc\cppmfc\debug\cppmfc.tlog\link-cvtres.read.1.tlog
d:\project\defaultmfc\cppmfc\debug\cppmfc.tlog\link-cvtres.write.1.tlog
d:\project\defaultmfc\cppmfc\debug\cppmfc.tlog\link-mt.read.1.tlog
d:\project\defaultmfc\cppmfc\debug\cppmfc.tlog\link-mt.write.1.tlog
d:\project\defaultmfc\cppmfc\debug\cppmfc.tlog\link-rc.read.1.tlog
d:\project\defaultmfc\cppmfc\debug\cppmfc.tlog\link-rc.write.1.tlog
d:\project\defaultmfc\cppmfc\debug\cppmfc.tlog\link.command.1.tlog
d:\project\defaultmfc\cppmfc\debug\cppmfc.tlog\link.read.1.tlog
d:\project\defaultmfc\cppmfc\debug\cppmfc.tlog\link.write.1.tlog
d:\project\defaultmfc\cppmfc\debug\cppmfc.tlog\rc.command.1.tlog
d:\project\defaultmfc\cppmfc\debug\cppmfc.tlog\rc.read.1.tlog
d:\project\defaultmfc\cppmfc\debug\cppmfc.tlog\rc.write.1.tlog
