d:\project\defaultmfc\mydll\debug\mydll.pch
d:\project\defaultmfc\mydll\debug\vc143.pdb
d:\project\defaultmfc\mydll\debug\vc143.idb
d:\project\defaultmfc\mydll\debug\pch.obj
d:\project\defaultmfc\mydll\debug\mydll.obj
d:\project\defaultmfc\cppmfc\debug\mydll.lib
d:\project\defaultmfc\cppmfc\debug\mydll.exp
d:\project\defaultmfc\cppmfc\debug\mydll.dll
d:\project\defaultmfc\mydll\debug\mydll.ilk
d:\project\defaultmfc\cppmfc\debug\mydll.pdb
d:\project\defaultmfc\mydll\debug\mydll.res
d:\project\defaultmfc\mydll\debug\mydll.tlog\cl.command.1.tlog
d:\project\defaultmfc\mydll\debug\mydll.tlog\cl.items.tlog
d:\project\defaultmfc\mydll\debug\mydll.tlog\cl.read.1.tlog
d:\project\defaultmfc\mydll\debug\mydll.tlog\cl.write.1.tlog
d:\project\defaultmfc\mydll\debug\mydll.tlog\link.command.1.tlog
d:\project\defaultmfc\mydll\debug\mydll.tlog\link.read.1.tlog
d:\project\defaultmfc\mydll\debug\mydll.tlog\link.write.1.tlog
d:\project\defaultmfc\mydll\debug\mydll.tlog\link.write.2u.tlog
d:\project\defaultmfc\mydll\debug\mydll.tlog\rc.command.1.tlog
d:\project\defaultmfc\mydll\debug\mydll.tlog\rc.read.1.tlog
d:\project\defaultmfc\mydll\debug\mydll.tlog\rc.write.1.tlog
